current directory: /Users/rollandauda/Github/son/_vendor/bundle/ruby/3.1.0/gems/nokogiri-1.6.6.4/ext/nokogiri
/Users/rollandauda/.rubies/ruby-3.1.3/bin/ruby -I /Users/rollandauda/.rubies/ruby-3.1.3/lib/ruby/3.1.0 extconf.rb
checking if the C compiler accepts ... yes
checking if the C compiler accepts -Wno-error=unused-command-line-argument-hard-error-in-future... no
Building nokogiri using packaged libraries.
*** extconf.rb failed ***
Could not create Makefile due to some reason, probably lack of necessary
libraries and/or headers.  Check the mkmf.log file for more details.  You may
need configuration options.

Provided configuration options:
	--with-opt-dir
	--with-opt-include
	--without-opt-include=${opt-dir}/include
	--with-opt-lib
	--without-opt-lib=${opt-dir}/lib
	--with-make-prog
	--without-make-prog
	--srcdir=.
	--curdir
	--ruby=/Users/rollandauda/.rubies/ruby-3.1.3/bin/$(RUBY_BASE_NAME)
	--help
	--clean
	--use-system-libraries
<internal:/Users/rollandauda/.rubies/ruby-3.1.3/lib/ruby/3.1.0/rubygems/core_ext/kernel_require.rb>:85:in `require': cannot load such file -- net/ftp (LoadError)
	from <internal:/Users/rollandauda/.rubies/ruby-3.1.3/lib/ruby/3.1.0/rubygems/core_ext/kernel_require.rb>:85:in `require'
	from /Users/rollandauda/Github/son/_vendor/bundle/ruby/3.1.0/gems/mini_portile-0.6.2/lib/mini_portile.rb:4:in `<top (required)>'
	from <internal:/Users/rollandauda/.rubies/ruby-3.1.3/lib/ruby/3.1.0/rubygems/core_ext/kernel_require.rb>:160:in `require'
	from <internal:/Users/rollandauda/.rubies/ruby-3.1.3/lib/ruby/3.1.0/rubygems/core_ext/kernel_require.rb>:160:in `rescue in require'
	from <internal:/Users/rollandauda/.rubies/ruby-3.1.3/lib/ruby/3.1.0/rubygems/core_ext/kernel_require.rb>:149:in `require'
	from extconf.rb:395:in `<main>'
<internal:/Users/rollandauda/.rubies/ruby-3.1.3/lib/ruby/3.1.0/rubygems/core_ext/kernel_require.rb>:85:in `require': cannot load such file -- mini_portile (LoadError)
	from <internal:/Users/rollandauda/.rubies/ruby-3.1.3/lib/ruby/3.1.0/rubygems/core_ext/kernel_require.rb>:85:in `require'
	from extconf.rb:395:in `<main>'

To see why this extension failed to compile, please check the mkmf.log which can be found here:

  /Users/rollandauda/Github/son/_vendor/bundle/ruby/3.1.0/extensions/x86_64-darwin-20/3.1.0-static/nokogiri-1.6.6.4/mkmf.log

extconf failed, exit code 1
